<?xml version="1.0" encoding="UTF-8"?>
<!-- Generated by org.testng.reporters.JUnitXMLReporter -->
<testsuite ignored="0" hostname="dell" failures="0" tests="5" name="Default test" time="24.914" errors="0" timestamp="2024-05-26T19:55:24 IST">
  <testcase classname="testCases.DashboardPageTest" name="login" time="2.744"/>
  <testcase classname="testCases.DashboardPageTest" name="verifyAdmin" time="3.66"/>
  <testcase classname="testCases.DashboardPageTest" name="VerifyByUsername" time="4.352"/>
  <testcase classname="testCases.DashboardPageTest" name="VerifyByUserRole" time="3.44"/>
  <testcase classname="testCases.DashboardPageTest" name="VerifyByUserStatus" time="3.473"/>
</testsuite> <!-- Default test -->
