<?xml version="1.0" encoding="UTF-8"?>
<testng-results ignored="0" total="5" passed="5" failed="0" skipped="0">
  <reporter-output>
  </reporter-output>
  <suite started-at="2024-05-26T19:54:59 IST" name="Default suite" finished-at="2024-05-26T19:55:24 IST" duration-ms="24914">
    <groups>
    </groups>
    <test started-at="2024-05-26T19:54:59 IST" name="Default test" finished-at="2024-05-26T19:55:24 IST" duration-ms="24914">
      <class name="testCases.DashboardPageTest">
        <test-method is-config="true" signature="setUp()[pri:0, instance:testCases.DashboardPageTest@2a65fe7c]" started-at="2024-05-26T19:54:59 IST" name="setUp" finished-at="2024-05-26T19:55:06 IST" duration-ms="7125" status="PASS">
          <reporter-output>
          </reporter-output>
        </test-method> <!-- setUp -->
        <test-method signature="login()[pri:1, instance:testCases.DashboardPageTest@2a65fe7c]" started-at="2024-05-26T19:55:06 IST" name="login" finished-at="2024-05-26T19:55:09 IST" duration-ms="2744" status="PASS">
          <reporter-output>
          </reporter-output>
        </test-method> <!-- login -->
        <test-method signature="verifyAdmin()[pri:2, instance:testCases.DashboardPageTest@2a65fe7c]" started-at="2024-05-26T19:55:09 IST" name="verifyAdmin" finished-at="2024-05-26T19:55:13 IST" duration-ms="3660" status="PASS">
          <reporter-output>
          </reporter-output>
        </test-method> <!-- verifyAdmin -->
        <test-method signature="VerifyByUsername()[pri:3, instance:testCases.DashboardPageTest@2a65fe7c]" started-at="2024-05-26T19:55:13 IST" name="VerifyByUsername" finished-at="2024-05-26T19:55:17 IST" duration-ms="4352" status="PASS">
          <reporter-output>
          </reporter-output>
        </test-method> <!-- VerifyByUsername -->
        <test-method signature="VerifyByUserRole()[pri:4, instance:testCases.DashboardPageTest@2a65fe7c]" started-at="2024-05-26T19:55:17 IST" name="VerifyByUserRole" finished-at="2024-05-26T19:55:20 IST" duration-ms="3440" status="PASS">
          <reporter-output>
          </reporter-output>
        </test-method> <!-- VerifyByUserRole -->
        <test-method signature="VerifyByUserStatus()[pri:4, instance:testCases.DashboardPageTest@2a65fe7c]" started-at="2024-05-26T19:55:20 IST" name="VerifyByUserStatus" finished-at="2024-05-26T19:55:24 IST" duration-ms="3473" status="PASS">
          <reporter-output>
          </reporter-output>
        </test-method> <!-- VerifyByUserStatus -->
      </class> <!-- testCases.DashboardPageTest -->
    </test> <!-- Default test -->
  </suite> <!-- Default suite -->
</testng-results>
